LatestSupportedVersion: Xcelium20.9
ncsim(64) 15.20-s084
Linux 3.10.0-1160.105.1.el7.x86_64 #1 SMP Thu Dec 7 15:39:45 UTC 2023 x86_64
CPU cores: 128
Limit information:
======================================
cputime			unlimited
filesize		unlimited
datasize		unlimited
stacksize		8192 kbytes
coredumpsize	0 kbytes
memoryuse		unlimited
vmemoryuse		unlimited
descriptors		4096
memorylocked	64 kbytes
maxproc			4096
======================================
(Special)Runtime environment variables:

Runtime environment variables:
REMOTEHOST=1-161-155-62.dynamic-ip.hinet.net
MANPATH=/usr/cad/synopsys/synthesis/cur/doc/syn/man
XDG_SESSION_ID=10509
HOSTNAME=dcs-expensive02
SELINUX_ROLE_REQUESTED=
HOST=dcs-expensive02
TERM=xterm-256color
SHELL=/bin/tcsh
SSH_CLIENT=1.161.155.62 53178 30101
SELINUX_USE_CURRENT_RANGE=
MGC_LOCATION_MAP=NO_MAP
QTDIR=/usr/lib64/qt-3.3
QTINC=/usr/lib64/qt-3.3/include
SSH_TTY=/dev/pts/2
SG_HTML_BROWSER=/usr/bin/mozilla
QT_GRAPHICSSYSTEM_CHECKED=1
GROUP=GENEASIC
USER=chenlonglong
SC_HLPPATH=/usr/cad/synopsys/laker_oa/cur
LD_LIBRARY_PATH=/usr/cad/synopsys/verdi/cur/etc/lib/libstdc++/LINUX64/:/usr/cad/synopsys/verdi/cur/share/PLI/IUS/LINUX64/://usr/cad/cadence/INNOVUS/INNOVUS_20.10.000/tools/lib/64bit:/usr/cad/cadence/INNOVUS/INNOVUS_20.10.000/tools/lib64:/usr/cad/cadence/INNOVUS/INNOVUS_20.10.000/tools/lib::/usr/cad/cadence/INCISIV/INCISIVE_15.20.084/tools/lib/64bit:/usr/cad/cadence/INCISIV/INCISIVE_15.20.084/tools/lib64:/usr/cad/cadence/INCISIV/INCISIVE_15.20.084/tools/lib::/lib64:/usr/lib64:/usr/local/lib64:/usr/cad/synopsys/verdi/cur/share/PLI/VCS/LINUX64:/opt/rh/devtoolset-11/root/usr/lib64:/opt/rh/devtoolset-11/root/usr/lib
LS_COLORS=rs=0:di=01;34:ln=01;36:mh=00:pi=40;33:so=01;35:do=01;35:bd=40;33;01:cd=40;33;01:or=40;31;01:mi=01;05;37;41:su=37;41:sg=30;43:ca=30;41:tw=30;42:ow=34;42:st=37;44:ex=01;32:*.tar=01;31:*.tgz=01;31:*.arc=01;31:*.arj=01;31:*.taz=01;31:*.lha=01;31:*.lz4=01;31:*.lzh=01;31:*.lzma=01;31:*.tlz=01;31:*.txz=01;31:*.tzo=01;31:*.t7z=01;31:*.zip=01;31:*.z=01;31:*.Z=01;31:*.dz=01;31:*.gz=01;31:*.lrz=01;31:*.lz=01;31:*.lzo=01;31:*.xz=01;31:*.bz2=01;31:*.bz=01;31:*.tbz=01;31:*.tbz2=01;31:*.tz=01;31:*.deb=01;31:*.rpm=01;31:*.jar=01;31:*.war=01;31:*.ear=01;31:*.sar=01;31:*.rar=01;31:*.alz=01;31:*.ace=01;31:*.zoo=01;31:*.cpio=01;31:*.7z=01;31:*.rz=01;31:*.cab=01;31:*.jpg=01;35:*.jpeg=01;35:*.gif=01;35:*.bmp=01;35:*.pbm=01;35:*.pgm=01;35:*.ppm=01;35:*.tga=01;35:*.xbm=01;35:*.xpm=01;35:*.tif=01;35:*.tiff=01;35:*.png=01;35:*.svg=01;35:*.svgz=01;35:*.mng=01;35:*.pcx=01;35:*.mov=01;35:*.mpg=01;35:*.mpeg=01;35:*.m2v=01;35:*.mkv=01;35:*.webm=01;35:*.ogm=01;35:*.mp4=01;35:*.m4v=01;35:*.mp4v=01;35:*.vob=01;35:*.qt=01;35:*.nuv=01;35:*.wmv=01;35:*.asf=01;35:*.rm=01;35:*.rmvb=01;35:*.flc=01;35:*.avi=01;35:*.fli=01;35:*.flv=01;35:*.gl=01;35:*.dl=01;35:*.xcf=01;35:*.xwd=01;35:*.yuv=01;35:*.cgm=01;35:*.emf=01;35:*.axv=01;35:*.anx=01;35:*.ogv=01;35:*.ogx=01;35:*.aac=01;36:*.au=01;36:*.flac=01;36:*.mid=01;36:*.midi=01;36:*.mka=01;36:*.mp3=01;36:*.mpc=01;36:*.ogg=01;36:*.ra=01;36:*.wav=01;36:*.axa=01;36:*.oga=01;36:*.spx=01;36:*.xspf=01;36:
HOSTTYPE=x86_64-linux
MAIL=/var/spool/mail/chenlonglong
PATH=/usr/local/bin:/usr/local/bin/vim:/usr/NX/bin:/opt/rh/devtoolset-11/root/usr/bin:/tools/Xilinx/Vivado/2021.2/bin:/tools/Xilinx/Vitis_HLS/2023.2/bin:/tools/Xilinx/Vivado/2023.2/bin:/tools/Xilinx/Model_Composer/2023.2/bin:/tools/Xilinx/Vitis/2023.2/bin:/tools/Xilinx/Vitis/2023.2/gnu/microblaze/lin/bin:/tools/Xilinx/Vitis/2023.2/gnu/microblaze/linux_toolchain/lin64_le/bin:/tools/Xilinx/Vitis/2023.2/gnu/aarch32/lin/gcc-arm-linux-gnueabi/bin:/tools/Xilinx/Vitis/2023.2/gnu/aarch32/lin/gcc-arm-none-eabi/bin:/tools/Xilinx/Vitis/2023.2/gnu/aarch64/lin/aarch64-linux/bin:/tools/Xilinx/Vitis/2023.2/gnu/aarch64/lin/aarch64-none/bin:/tools/Xilinx/Vitis/2023.2/gnu/armr5/lin/gcc-arm-none-eabi/bin:/tools/Xilinx/Vitis/2023.2/tps/lnx64/cmake-3.3.2/bin:/tools/Xilinx/Vitis/2023.2/aietools/bin:/tools/Xilinx/Vitis/2023.2/gnu/riscv/lin/riscv64-unknown-elf/bin:/tools/Xilinx/DocNav:/usr/cad/synopsys/vcs/cur/bin:/usr/cad/synopsys/vcs/cur/linux/bin:/usr/cad/synopsys/vcs/cur/linux/util:/usr/cad/synopsys/vcs/cur/linux/flexlm:/usr/cad/synopsys/laker_oa/cur/bin:/usr/cad/synopsys/laker/cur/bin:/usr/bin/X11:/usr/cad/synopsys/primetime/cur/amd64/syn/bin:/usr/cad/synopsys/spyglass/cur/SPYGLASS_HOME/bin:/usr/cad/synopsys/synplify/cur/bin:/usr/bin/X11:/usr/cad/synopsys/coreConsultant/cur/bin:/usr/cad/synopsys/synthesis/cur/amd64/syn/bin:/usr/cad/synopsys/lc/cur/bin:/usr/cad/synopsys/verdi/cur/bin:/usr/cad/synopsys/verdi/cur/nLint/bin:/usr/cad/mentor/calibre/cur/bin:/usr/cad/cadence/INNOVUS/INNOVUS_20.10.000/tools/bin/64bit:/usr/cad/cadence/INNOVUS/INNOVUS_20.10.000/tools/bin:/usr/cad/cadence/INCISIV/INCISIVE_15.20.084/tools/bin/64bit:/usr/cad/cadence/INCISIV/INCISIVE_15.20.084/tools/bin:/usr/lib64/qt-3.3/bin:/usr/lib64/ccache:/usr/local/bin:/usr/bin:/usr/local/sbin:/usr/sbin
XILINX_VITIS=/tools/Xilinx/Vitis/2023.2
SYNOPSYS_synplify=/usr/cad/synopsys/synplify/cur
PWD=/home/chenlonglong/NTU/NTUEE-DCLAB-Materials/lab_bouns_PairHMM/src/tb_verilog
VCS_HOME=/usr/cad/synopsys/vcs/cur
EDITOR=/usr/bin/vim
LANG=en_US.UTF-8
Laker_TCL_ToolBox=1
SYNTHESIS=/usr/cad/synopsys/synthesis/cur
KDEDIRS=/usr
XILINX_HLS=/tools/Xilinx/Vitis_HLS/2023.2
SELINUX_LEVEL_REQUESTED=
VCS_CC=gcc
XILINX_VIVADO=/tools/Xilinx/Vivado/2023.2
PRIMETIME=/usr/cad/synopsys/primetime/cur
LM_LICENSE_FILE=26585@lshc:1717@lsntu:5280@lshc
SHLVL=2
HOME=/home/chenlonglong
OSTYPE=linux
Laker_TCL_L3=1
MGC_HOME=/usr/cad/mentor/calibre/cur
MGC_TMPDIR=/tmp
VENDOR=unknown
MACHTYPE=x86_64
LOGNAME=chenlonglong
QTLIB=/usr/lib64/qt-3.3/lib
SSH_CONNECTION=1.161.155.62 53178 192.168.1.202 30101
LESSOPEN=||/usr/bin/lesspipe.sh %s
SHLIB_PATH=/usr/cad/synopsys/verdi/cur/etc/lib/libstdc++/LINUX64/
XDG_RUNTIME_DIR=/run/user/1002
DISPLAY=localhost:11.0
SYN_MAN_DIR=/usr/cad/synopsys/synthesis/cur/doc/syn/man
QT_PLUGIN_PATH=/usr/lib64/kde4/plugins:/usr/lib/kde4/plugins
XAUTHORITY=/home/chenlonglong/.Xauthority
_=/usr/cad/cadence/INCISIV/INCISIVE_15.20.084/tools/bin/64bit/ncverilog
_IRUNROOT_=/usr/cad/cadence/INCISIV/INCISIVE_15.20.084/tools
CDS_ARCH=lnx86
NCRUNMODE=ncverilog:./INCA_libs/irun.lnx8664.15.20.nc
IRUNBATCH=FALSE
IMPERAS_PORT_FILE=.vsp_ovp_gdb_port
TCL_LIBRARY=/usr/cad/cadence/INCISIV/INCISIVE_15.20.084/tools/inca/files/tcl/library
Runtime command line arguments:
argv[0]=ncverilog
argv[1]=+access+r
argv[2]=-f
argv[3]=files_core.f
argv[4]=./VD_define.v
argv[5]=./tb.sv
argv[6]=./../VD_Core.sv
argv[7]=+notimingchecks
93 profile - 100
          CPU/Mem usage: 0.020 sys,  0.010 user,  228.11M sys,  0.00M vm
94 VC callback profile - scalar:0 vector:0
95 Mon Aug  5 00:12:44 2024
96 pliAppInit
97 FSDB_GATE is disabled.
98 Enable Parallel Dumping.
99 pliAppMiscSet: New Sim Round
100 pliEntryInit
101 LIBSSCORE=found /usr/cad/synopsys/verdi/cur/share/PLI/IUS/LINUX64/libsscore_ius152.so through $LD_LIBRARY_PATH setting.
102 argv[0]: lab2.fsdb
103 FSDB Dumper for IUS, Release Verdi_S-2021.09, Linux x86_64/64bit, 08/29/2021
104 (C) 1996 - 2021 by Synopsys, Inc.
105 sps_call_fsdbDumpfile at 0 : /home/chenlonglong/NTU/NTUEE-DCLAB-Materials/lab_bouns_PairHMM/src/tb_verilog/tb.sv(57)
106 argv[0]: lab2.fsdb
107 *Verdi* FSDB WARNING: The FSDB file already exists. Overwriting the FSDB file may crash the programs that are using this file.
108 *Verdi* : Create FSDB file 'lab2.fsdb'
109 sps_call_fsdbDumpvars at 0 : /home/chenlonglong/NTU/NTUEE-DCLAB-Materials/lab_bouns_PairHMM/src/tb_verilog/tb.sv(58)
110 *Verdi* : Begin traversing the scopes, layer (0).
111 *Verdi* : End of traversing.
112 fsdbDumpvars traverse var: profile - 
          CPU/Mem usage: 0.030 sys,  0.030 user,  329.48M sys,  0.00M vm
                   incr: 0.000 sys,  0.020 user,  9.79M sys,  0.00M vm
                   accu: 0.000 sys,  0.020 user,  9.79M sys,  0.00M vm
              accu incr: 0.000 sys,  0.020 user,  9.79M sys,  0.00M vm

          Count usage: 3666 var,  3093 idcode,  3093 callback
                 incr: 3666 var,  3093 idcode,  3093 callback
                 accu: 3666 var,  3093 idcode,  3093 callback
            accu incr: 3666 var,  3093 idcode,  3093 callback
113 VC callback profile - scalar:0 vector:0
114 Mon Aug  5 00:12:44 2024
115 fsdbDumpvars: profile - 
          CPU/Mem usage: 0.030 sys,  0.030 user,  330.53M sys,  0.00M vm
                   incr: 0.000 sys,  0.000 user,  1.05M sys,  0.00M vm
                   accu: 0.000 sys,  0.020 user,  10.84M sys,  0.00M vm
              accu incr: 0.000 sys,  0.000 user,  1.05M sys,  0.00M vm

          Count usage: 3666 var,  3093 idcode,  3093 callback
                 incr: 0 var,  0 idcode,  0 callback
                 accu: 3666 var,  3093 idcode,  3093 callback
            accu incr: 0 var,  0 idcode,  0 callback
116 VC callback profile - scalar:593 vector:2500
117 Mon Aug  5 00:12:44 2024
118 End of simulation at 50000000
119 VC callback profile - scalar:2000606 vector:2553
120 Mon Aug  5 00:12:44 2024
121 Begin FSDB profile info:
122 FSDB Writer : bc1(2000606) bcn(2553) mtf/stf(0/0)
FSDB Writer elapsed time : flush(0.003194) io wait(0.000000) theadpool wait(0.000000)
FSDB Writer cpu time : MT Compression : 0
123 End FSDB profile info
124 Parallel profile    -  Flush:3 Expand:0 ProduceWait:0 ConsumerWait:17 BlockUsed:19
125                        ProduceTime:0.234436021 ConsumerTime:0.081381298 Buffer:64MB
126 SimExit
127 Sim process exit
